{"time":"2026-02-13T22:15:44.974Z","title":"恋愛、借りちゃいました","error":"Error: HTTP 404 Not Found for https://api.bgm.tv/v0/subjects/275265"}
{"time":"2026-02-13T22:15:45.282Z","title":"刘婵养成计划","error":"Error: HTTP 404 Not Found for https://api.bgm.tv/v0/subjects/464784"}
{"time":"2026-02-13T22:15:45.283Z","title":"恋爱X决胜战","error":"Error: HTTP 404 Not Found for https://api.bgm.tv/v0/subjects/308573"}
{"time":"2026-02-13T22:15:45.284Z","title":"永恒世界","error":"Error: HTTP 404 Not Found for https://api.bgm.tv/v0/subjects/442350"}
{"time":"2026-02-13T22:15:45.288Z","title":"特工17","error":"Error: HTTP 404 Not Found for https://api.bgm.tv/v0/subjects/457780"}
{"time":"2026-02-13T22:15:45.305Z","title":"恋爱成双","error":"Error: HTTP 404 Not Found for https://api.bgm.tv/v0/subjects/356907"}
{"time":"2026-02-13T22:15:47.611Z","title":"恋愛、借りちゃいました","error":"Error: HTTP 404 Not Found for https://api.bgm.tv/v0/subjects/275265"}
{"time":"2026-02-13T22:15:47.916Z","title":"恋爱X决胜战","error":"Error: HTTP 404 Not Found for https://api.bgm.tv/v0/subjects/308573"}
{"time":"2026-02-13T22:15:47.916Z","title":"特工17","error":"Error: HTTP 404 Not Found for https://api.bgm.tv/v0/subjects/457780"}
{"time":"2026-02-13T22:15:47.925Z","title":"恋爱成双","error":"Error: HTTP 404 Not Found for https://api.bgm.tv/v0/subjects/356907"}
{"time":"2026-02-13T22:15:47.926Z","title":"永恒世界","error":"Error: HTTP 404 Not Found for https://api.bgm.tv/v0/subjects/442350"}
{"time":"2026-02-13T22:15:47.929Z","title":"刘婵养成计划","error":"Error: HTTP 404 Not Found for https://api.bgm.tv/v0/subjects/464784"}
{"time":"2026-02-13T22:15:57.401Z","title":"恋愛、借りちゃいました","error":"Error: HTTP 404 Not Found for https://api.bgm.tv/v0/subjects/275265"}
{"time":"2026-02-13T22:15:57.702Z","title":"永恒世界","error":"Error: HTTP 404 Not Found for https://api.bgm.tv/v0/subjects/442350"}
{"time":"2026-02-13T22:15:57.703Z","title":"恋爱X决胜战","error":"Error: HTTP 404 Not Found for https://api.bgm.tv/v0/subjects/308573"}
{"time":"2026-02-13T22:15:57.707Z","title":"恋爱成双","error":"Error: HTTP 404 Not Found for https://api.bgm.tv/v0/subjects/356907"}
{"time":"2026-02-13T22:15:57.708Z","title":"刘婵养成计划","error":"Error: HTTP 404 Not Found for https://api.bgm.tv/v0/subjects/464784"}
{"time":"2026-02-13T22:15:57.710Z","title":"特工17","error":"Error: HTTP 404 Not Found for https://api.bgm.tv/v0/subjects/457780"}
{"time":"2026-02-13T22:16:00.222Z","title":"恋愛、借りちゃいました","error":"Error: HTTP 404 Not Found for https://api.bgm.tv/v0/subjects/275265"}
{"time":"2026-02-13T22:16:00.527Z","title":"刘婵养成计划","error":"Error: HTTP 404 Not Found for https://api.bgm.tv/v0/subjects/464784"}
{"time":"2026-02-13T22:16:00.533Z","title":"特工17","error":"Error: HTTP 404 Not Found for https://api.bgm.tv/v0/subjects/457780"}
{"time":"2026-02-13T22:16:00.535Z","title":"永恒世界","error":"Error: HTTP 404 Not Found for https://api.bgm.tv/v0/subjects/442350"}
{"time":"2026-02-13T22:16:00.543Z","title":"恋爱成双","error":"Error: HTTP 404 Not Found for https://api.bgm.tv/v0/subjects/356907"}
{"time":"2026-02-13T22:16:00.546Z","title":"恋爱X决胜战","error":"Error: HTTP 404 Not Found for https://api.bgm.tv/v0/subjects/308573"}
